2023-10-22 23:37:00.190  INFO 24016 --- [restartedMain] c.c.cozastore.CozastoreApplication       : Starting CozastoreApplication using Java 19.0.2 on Kyoon with PID 24016 (D:\CyberLearn\cozastore\target\classes started by ASUS in D:\CyberLearn\cozastore)
2023-10-22 23:37:00.191  INFO 24016 --- [restartedMain] c.c.cozastore.CozastoreApplication       : No active profile set, falling back to 1 default profile: "default"
2023-10-22 23:37:00.230  INFO 24016 --- [restartedMain] .e.DevToolsPropertyDefaultsPostProcessor : Devtools property defaults active! Set 'spring.devtools.add-properties' to 'false' to disable
2023-10-22 23:37:00.230  INFO 24016 --- [restartedMain] .e.DevToolsPropertyDefaultsPostProcessor : For additional web related logging consider setting the 'logging.level.web' property to 'DEBUG'
2023-10-22 23:37:00.791  INFO 24016 --- [restartedMain] .s.d.r.c.RepositoryConfigurationDelegate : Multiple Spring Data modules found, entering strict repository configuration mode
2023-10-22 23:37:00.792  INFO 24016 --- [restartedMain] .s.d.r.c.RepositoryConfigurationDelegate : Bootstrapping Spring Data JPA repositories in DEFAULT mode.
2023-10-22 23:37:00.902  INFO 24016 --- [restartedMain] .s.d.r.c.RepositoryConfigurationDelegate : Finished Spring Data repository scanning in 105 ms. Found 5 JPA repository interfaces.
2023-10-22 23:37:00.916  INFO 24016 --- [restartedMain] .s.d.r.c.RepositoryConfigurationDelegate : Multiple Spring Data modules found, entering strict repository configuration mode
2023-10-22 23:37:00.917  INFO 24016 --- [restartedMain] .s.d.r.c.RepositoryConfigurationDelegate : Bootstrapping Spring Data Redis repositories in DEFAULT mode.
2023-10-22 23:37:00.928  INFO 24016 --- [restartedMain] .RepositoryConfigurationExtensionSupport : Spring Data Redis - Could not safely identify store assignment for repository candidate interface com.cybersoft.cozastore.repository.CartRepository; If you want this repository to be a Redis repository, consider annotating your entities with one of these annotations: org.springframework.data.redis.core.RedisHash (preferred), or consider extending one of the following types with your repository: org.springframework.data.keyvalue.repository.KeyValueRepository
2023-10-22 23:37:00.932  INFO 24016 --- [restartedMain] .RepositoryConfigurationExtensionSupport : Spring Data Redis - Could not safely identify store assignment for repository candidate interface com.cybersoft.cozastore.repository.CategoryRepository; If you want this repository to be a Redis repository, consider annotating your entities with one of these annotations: org.springframework.data.redis.core.RedisHash (preferred), or consider extending one of the following types with your repository: org.springframework.data.keyvalue.repository.KeyValueRepository
2023-10-22 23:37:00.933  INFO 24016 --- [restartedMain] .RepositoryConfigurationExtensionSupport : Spring Data Redis - Could not safely identify store assignment for repository candidate interface com.cybersoft.cozastore.repository.FileRepository; If you want this repository to be a Redis repository, consider annotating your entities with one of these annotations: org.springframework.data.redis.core.RedisHash (preferred), or consider extending one of the following types with your repository: org.springframework.data.keyvalue.repository.KeyValueRepository
2023-10-22 23:37:00.934  INFO 24016 --- [restartedMain] .RepositoryConfigurationExtensionSupport : Spring Data Redis - Could not safely identify store assignment for repository candidate interface com.cybersoft.cozastore.repository.ProductRepository; If you want this repository to be a Redis repository, consider annotating your entities with one of these annotations: org.springframework.data.redis.core.RedisHash (preferred), or consider extending one of the following types with your repository: org.springframework.data.keyvalue.repository.KeyValueRepository
2023-10-22 23:37:00.934  INFO 24016 --- [restartedMain] .RepositoryConfigurationExtensionSupport : Spring Data Redis - Could not safely identify store assignment for repository candidate interface com.cybersoft.cozastore.repository.UserRepository; If you want this repository to be a Redis repository, consider annotating your entities with one of these annotations: org.springframework.data.redis.core.RedisHash (preferred), or consider extending one of the following types with your repository: org.springframework.data.keyvalue.repository.KeyValueRepository
2023-10-22 23:37:00.935  INFO 24016 --- [restartedMain] .s.d.r.c.RepositoryConfigurationDelegate : Finished Spring Data repository scanning in 11 ms. Found 0 Redis repository interfaces.
2023-10-22 23:37:01.551  INFO 24016 --- [restartedMain] o.s.b.w.embedded.tomcat.TomcatWebServer  : Tomcat initialized with port(s): 8080 (http)
2023-10-22 23:37:01.564  INFO 24016 --- [restartedMain] o.apache.catalina.core.StandardService   : Starting service [Tomcat]
2023-10-22 23:37:01.564  INFO 24016 --- [restartedMain] org.apache.catalina.core.StandardEngine  : Starting Servlet engine: [Apache Tomcat/9.0.80]
2023-10-22 23:37:01.647  INFO 24016 --- [restartedMain] o.a.c.c.C.[Tomcat].[localhost].[/]       : Initializing Spring embedded WebApplicationContext
2023-10-22 23:37:01.648  INFO 24016 --- [restartedMain] w.s.c.ServletWebServerApplicationContext : Root WebApplicationContext: initialization completed in 1415 ms
2023-10-22 23:37:02.100  INFO 24016 --- [restartedMain] o.hibernate.jpa.internal.util.LogHelper  : HHH000204: Processing PersistenceUnitInfo [name: default]
2023-10-22 23:37:02.134  INFO 24016 --- [restartedMain] org.hibernate.Version                    : HHH000412: Hibernate ORM core version 5.6.15.Final
2023-10-22 23:37:02.219  INFO 24016 --- [restartedMain] o.hibernate.annotations.common.Version   : HCANN000001: Hibernate Commons Annotations {5.1.2.Final}
2023-10-22 23:37:02.267  INFO 24016 --- [restartedMain] com.zaxxer.hikari.HikariDataSource       : HikariPool-1 - Starting...
2023-10-22 23:37:02.463  INFO 24016 --- [restartedMain] com.zaxxer.hikari.HikariDataSource       : HikariPool-1 - Start completed.
2023-10-22 23:37:02.472  INFO 24016 --- [restartedMain] org.hibernate.dialect.Dialect            : HHH000400: Using dialect: org.hibernate.dialect.MySQL8Dialect
2023-10-22 23:37:03.002  INFO 24016 --- [restartedMain] o.h.e.t.j.p.i.JtaPlatformInitiator       : HHH000490: Using JtaPlatform implementation: [org.hibernate.engine.transaction.jta.platform.internal.NoJtaPlatform]
2023-10-22 23:37:03.008  INFO 24016 --- [restartedMain] j.LocalContainerEntityManagerFactoryBean : Initialized JPA EntityManagerFactory for persistence unit 'default'
2023-10-22 23:37:03.599  INFO 24016 --- [restartedMain] o.s.s.web.DefaultSecurityFilterChain     : Will secure any request with [org.springframework.security.web.session.DisableEncodeUrlFilter@b5f4a8e, org.springframework.security.web.context.request.async.WebAsyncManagerIntegrationFilter@5ed37628, org.springframework.security.web.context.SecurityContextPersistenceFilter@375eba8b, org.springframework.security.web.header.HeaderWriterFilter@10fba226, org.springframework.security.web.authentication.logout.LogoutFilter@3aa2e9f6, com.cybersoft.cozastore.filter.JwtFilter@1daecac9, org.springframework.security.web.savedrequest.RequestCacheAwareFilter@543623b2, org.springframework.security.web.servletapi.SecurityContextHolderAwareRequestFilter@3ae9699b, org.springframework.security.web.authentication.AnonymousAuthenticationFilter@7ebbf373, org.springframework.security.web.session.SessionManagementFilter@4b8c10ab, org.springframework.security.web.access.ExceptionTranslationFilter@420ec28, org.springframework.security.web.access.intercept.AuthorizationFilter@10b8ac29]
2023-10-22 23:37:03.668  WARN 24016 --- [restartedMain] JpaBaseConfiguration$JpaWebConfiguration : spring.jpa.open-in-view is enabled by default. Therefore, database queries may be performed during view rendering. Explicitly configure spring.jpa.open-in-view to disable this warning
2023-10-22 23:37:04.069  INFO 24016 --- [restartedMain] o.s.b.d.a.OptionalLiveReloadServer       : LiveReload server is running on port 35729
2023-10-22 23:37:04.089  INFO 24016 --- [restartedMain] o.s.b.w.embedded.tomcat.TomcatWebServer  : Tomcat started on port(s): 8080 (http) with context path ''
2023-10-22 23:37:04.098  INFO 24016 --- [restartedMain] c.c.cozastore.CozastoreApplication       : Started CozastoreApplication in 4.208 seconds (JVM running for 4.563)
2023-10-22 23:37:33.919  INFO 24016 --- [SpringApplicationShutdownHook] j.LocalContainerEntityManagerFactoryBean : Closing JPA EntityManagerFactory for persistence unit 'default'
2023-10-22 23:37:33.921  INFO 24016 --- [SpringApplicationShutdownHook] com.zaxxer.hikari.HikariDataSource       : HikariPool-1 - Shutdown initiated...
2023-10-22 23:37:33.931  INFO 24016 --- [SpringApplicationShutdownHook] com.zaxxer.hikari.HikariDataSource       : HikariPool-1 - Shutdown completed.
